[0m2021.01.31 13:34:41 INFO  Started: Metals version 0.9.10 in workspace '/home/hussam/Public/Data Science/spark/Projects/Reading_from_files_using_schema' for client vscode 1.52.1.[0m
[0m2021.01.31 13:34:43 INFO  time: initialize in 2.67s[0m
[0m2021.01.31 13:34:46 WARN  Build server is not auto-connectable.[0m
[0m2021.01.31 13:34:46 WARN  no build tool detected in workspace '/home/hussam/Public/Data Science/spark/Projects/Reading_from_files_using_schema'. The most common cause for this problem is that the editor was opened in the wrong working directory, for example if you use sbt then the workspace directory should contain build.sbt. [0m
[0m2021.01.31 13:34:51 INFO  no build target: using presentation compiler with only scala-library[0m
[0m2021.01.31 13:34:54 WARN  no build target for: /home/hussam/Public/Data Science/spark/Projects/Reading_from_files_using_schema/read_data_using_schema.scala[0m
Jan 31, 2021 1:34:54 PM org.eclipse.lsp4j.jsonrpc.RemoteEndpoint handleCancellation
WARNING: Unmatched cancel notification for request id 2
Jan 31, 2021 1:34:54 PM org.eclipse.lsp4j.jsonrpc.RemoteEndpoint handleCancellation
WARNING: Unmatched cancel notification for request id 1
Jan 31, 2021 1:34:54 PM org.eclipse.lsp4j.jsonrpc.RemoteEndpoint handleCancellation
WARNING: Unmatched cancel notification for request id 11
Jan 31, 2021 1:34:54 PM org.eclipse.lsp4j.jsonrpc.RemoteEndpoint handleCancellation
WARNING: Unmatched cancel notification for request id 12
Jan 31, 2021 1:34:54 PM org.eclipse.lsp4j.jsonrpc.RemoteEndpoint handleCancellation
WARNING: Unmatched cancel notification for request id 16
Jan 31, 2021 1:34:54 PM org.eclipse.lsp4j.jsonrpc.RemoteEndpoint handleCancellation
WARNING: Unmatched cancel notification for request id 19
Jan 31, 2021 1:34:54 PM org.eclipse.lsp4j.jsonrpc.RemoteEndpoint handleCancellation
WARNING: Unmatched cancel notification for request id 20
Jan 31, 2021 1:34:55 PM org.eclipse.lsp4j.jsonrpc.RemoteEndpoint handleCancellation
WARNING: Unmatched cancel notification for request id 27
Jan 31, 2021 1:34:55 PM org.eclipse.lsp4j.jsonrpc.RemoteEndpoint handleCancellation
WARNING: Unmatched cancel notification for request id 31
[0m2021.01.31 13:35:09 WARN  no build target for: /home/hussam/Public/Data Science/spark/Projects/Reading_from_files_using_schema/read_data_using_schema.scala[0m
[0m2021.01.31 13:35:38 WARN  no build target for: /home/hussam/Public/Data Science/spark/Projects/Reading_from_files_using_schema/read_data_using_schema.scala[0m
[0m2021.01.31 13:35:47 WARN  no build target for: /home/hussam/Public/Data Science/spark/Projects/Reading_from_files_using_schema/read_data_using_schema.scala[0m
[0m2021.01.31 13:35:59 WARN  no build target for: /home/hussam/Public/Data Science/spark/Projects/Reading_from_files_using_schema/read_data_using_schema.scala[0m
[0m2021.01.31 13:36:47 WARN  no build target for: /home/hussam/Public/Data Science/spark/Projects/Reading_from_files_using_schema/read_data_using_schema.scala[0m
[0m2021.01.31 13:36:48 WARN  no build target for: /home/hussam/Public/Data Science/spark/Projects/Reading_from_files_using_schema/read_data_using_schema.scala[0m
[0m2021.01.31 13:38:30 WARN  no build target for: /home/hussam/Public/Data Science/spark/Projects/Reading_from_files_using_schema/read_data_using_schema.scala[0m
[0m2021.01.31 13:40:42 WARN  no build target for: /home/hussam/Public/Data Science/spark/Projects/Reading_from_files_using_schema/read_data_using_schema.scala[0m
[0m2021.01.31 13:40:50 WARN  no build target for: /home/hussam/Public/Data Science/spark/Projects/Reading_from_files_using_schema/read_data_using_schema.scala[0m
[0m2021.01.31 13:40:56 WARN  no build target for: /home/hussam/Public/Data Science/spark/Projects/Reading_from_files_using_schema/read_data_using_schema.scala[0m
[0m2021.01.31 13:41:04 WARN  no build target for: /home/hussam/Public/Data Science/spark/Projects/Reading_from_files_using_schema/read_data_using_schema.scala[0m
[0m2021.01.31 13:51:53 WARN  no build target for: /home/hussam/Public/Data Science/spark/Projects/Reading_from_files_using_schema/read_data_using_schema.scala[0m
[0m2021.01.31 13:57:17 WARN  no build target for: /home/hussam/Public/Data Science/spark/Projects/Reading_from_files_using_schema/read_data_using_schema.scala[0m
[0m2021.01.31 13:57:18 WARN  no build target for: /home/hussam/Public/Data Science/spark/Projects/Reading_from_files_using_schema/read_data_using_schema.scala[0m
[0m2021.01.31 13:59:15 WARN  no build target for: /home/hussam/Public/Data Science/spark/Projects/Reading_from_files_using_schema/read_data_using_schema.scala[0m
[0m2021.01.31 14:00:09 WARN  no build target for: /home/hussam/Public/Data Science/spark/Projects/Reading_from_files_using_schema/read_data_using_schema.scala[0m
Jan 31, 2021 2:01:13 PM scala.meta.internal.pc.CompletionProvider expected$1
WARNING: offset 3067, count -1, length 3079
[0m2021.01.31 14:01:40 WARN  no build target for: /home/hussam/Public/Data Science/spark/Projects/Reading_from_files_using_schema/read_data_using_schema.scala[0m
[0m2021.01.31 14:01:44 WARN  no build target for: /home/hussam/Public/Data Science/spark/Projects/Reading_from_files_using_schema/read_data_using_schema.scala[0m
[0m2021.01.31 14:01:59 WARN  no build target for: /home/hussam/Public/Data Science/spark/Projects/Reading_from_files_using_schema/read_data_using_schema.scala[0m
[0m2021.01.31 14:03:10 WARN  no build target for: /home/hussam/Public/Data Science/spark/Projects/Reading_from_files_using_schema/read_data_using_schema.scala[0m
[0m2021.01.31 14:05:12 WARN  no build target for: /home/hussam/Public/Data Science/spark/Projects/Reading_from_files_using_schema/read_data_using_schema.scala[0m
[0m2021.01.31 14:05:26 WARN  no build target for: /home/hussam/Public/Data Science/spark/Projects/Reading_from_files_using_schema/read_data_using_schema.scala[0m
[0m2021.01.31 14:20:28 WARN  no build target for: /home/hussam/Public/Data Science/spark/Projects/Reading_from_files_using_schema/read_data_using_schema.scala[0m
[0m2021.01.31 14:22:11 WARN  no build target for: /home/hussam/Public/Data Science/spark/Projects/Reading_from_files_using_schema/read_data_using_schema.scala[0m
[0m2021.01.31 14:24:23 WARN  no build target for: /home/hussam/Public/Data Science/spark/Projects/Reading_from_files_using_schema/read_data_using_schema.scala[0m
Jan 31, 2021 2:24:23 PM scala.meta.internal.pc.CompilerAccess handleError
SEVERE: file%3A%2F%2F%2Fhome%2Fhussam%2FPublic%2FData%2520Science%2Fspark%2FProjects%2FReading_from_files_using_schema%2Fread_data_using_schema.scala:62: error: ) expected but } found
}
^
file%3A%2F%2F%2Fhome%2Fhussam%2FPublic%2FData%2520Science%2Fspark%2FProjects%2FReading_from_files_using_schema%2Fread_data_using_schema.scala:62: error: ) expected but } found
}
^
	at scala.meta.internal.parsers.Reporter.syntaxError(Reporter.scala:16)
	at scala.meta.internal.parsers.Reporter.syntaxError$(Reporter.scala:16)
	at scala.meta.internal.parsers.Reporter$$anon$1.syntaxError(Reporter.scala:22)
	at scala.meta.internal.parsers.Reporter.syntaxError(Reporter.scala:17)
	at scala.meta.internal.parsers.Reporter.syntaxError$(Reporter.scala:17)
	at scala.meta.internal.parsers.Reporter$$anon$1.syntaxError(Reporter.scala:22)
	at scala.meta.internal.parsers.ScalametaParser.syntaxErrorExpected(ScalametaParser.scala:739)
	at scala.meta.internal.parsers.ScalametaParser.accept(ScalametaParser.scala:745)
	at scala.meta.internal.parsers.ScalametaParser.inParens(ScalametaParser.scala:606)
	at scala.meta.internal.parsers.ScalametaParser.argumentExprsWithUsing(ScalametaParser.scala:2851)
	at scala.meta.internal.parsers.ScalametaParser.$anonfun$simpleExprRest$3(ScalametaParser.scala:2800)
	at scala.meta.internal.parsers.ScalametaParser.atPos(ScalametaParser.scala:704)
	at scala.meta.internal.parsers.ScalametaParser.$anonfun$simpleExprRest$1(ScalametaParser.scala:2800)
	at scala.meta.internal.parsers.ScalametaParser.atPos(ScalametaParser.scala:704)
	at scala.meta.internal.parsers.ScalametaParser.simpleExprRest(ScalametaParser.scala:2772)
	at scala.meta.internal.parsers.ScalametaParser.$anonfun$simpleExprRest$1(ScalametaParser.scala:2785)
	at scala.meta.internal.parsers.ScalametaParser.atPos(ScalametaParser.scala:704)
	at scala.meta.internal.parsers.ScalametaParser.simpleExprRest(ScalametaParser.scala:2772)
	at scala.meta.internal.parsers.ScalametaParser.$anonfun$simpleExprRest$1(ScalametaParser.scala:2805)
	at scala.meta.internal.parsers.ScalametaParser.atPos(ScalametaParser.scala:704)
	at scala.meta.internal.parsers.ScalametaParser.simpleExprRest(ScalametaParser.scala:2772)
	at scala.meta.internal.parsers.ScalametaParser.$anonfun$simpleExpr0$5(ScalametaParser.scala:2718)
	at scala.util.Success.$anonfun$map$1(Try.scala:255)
	at scala.util.Success.map(Try.scala:213)
	at scala.meta.internal.parsers.ScalametaParser.$anonfun$simpleExpr0$1(ScalametaParser.scala:2718)
	at scala.meta.internal.parsers.ScalametaParser.atPosTry(ScalametaParser.scala:713)
	at scala.meta.internal.parsers.ScalametaParser.autoPosTry(ScalametaParser.scala:723)
	at scala.meta.internal.parsers.ScalametaParser.simpleExpr0(ScalametaParser.scala:2667)
	at scala.meta.internal.parsers.ScalametaParser.simpleExpr(ScalametaParser.scala:2665)
	at scala.meta.internal.parsers.ScalametaParser.prefixExpr(ScalametaParser.scala:2649)
	at scala.meta.internal.parsers.ScalametaParser.postfixExpr(ScalametaParser.scala:2629)
	at scala.meta.internal.parsers.ScalametaParser.$anonfun$expr$13(ScalametaParser.scala:2214)
	at scala.meta.internal.parsers.ScalametaParser.atPos(ScalametaParser.scala:704)
	at scala.meta.internal.parsers.ScalametaParser.autoPos(ScalametaParser.scala:720)
	at scala.meta.internal.parsers.ScalametaParser.$anonfun$expr$1(ScalametaParser.scala:2214)
	at scala.meta.internal.parsers.ScalametaParser.atPos(ScalametaParser.scala:704)
	at scala.meta.internal.parsers.ScalametaParser.autoPos(ScalametaParser.scala:720)
	at scala.meta.internal.parsers.ScalametaParser.expr(ScalametaParser.scala:2098)
	at scala.meta.internal.parsers.ScalametaParser$$anonfun$templateStat$1$1.applyOrElse(ScalametaParser.scala:4723)
	at scala.meta.internal.parsers.ScalametaParser$$anonfun$templateStat$1$1.applyOrElse(ScalametaParser.scala:4709)
	at scala.runtime.AbstractPartialFunction.apply(AbstractPartialFunction.scala:38)
	at scala.meta.internal.parsers.ScalametaParser.statSeq(ScalametaParser.scala:4653)
	at scala.meta.internal.parsers.ScalametaParser.templateStats(ScalametaParser.scala:4725)
	at scala.meta.internal.parsers.ScalametaParser.templateStatSeq(ScalametaParser.scala:4705)
	at scala.meta.internal.parsers.ScalametaParser.$anonfun$templateBody$1(ScalametaParser.scala:4559)
	at scala.meta.internal.parsers.ScalametaParser.inBraces(ScalametaParser.scala:621)
	at scala.meta.internal.parsers.ScalametaParser.templateBody(ScalametaParser.scala:4559)
	at scala.meta.internal.parsers.ScalametaParser.templateBodyOpt(ScalametaParser.scala:4567)
	at scala.meta.internal.parsers.ScalametaParser.templateOpt(ScalametaParser.scala:4552)
	at scala.meta.internal.parsers.ScalametaParser.$anonfun$objectDef$1(ScalametaParser.scala:4293)
	at scala.meta.internal.parsers.ScalametaParser.atPos(ScalametaParser.scala:704)
	at scala.meta.internal.parsers.ScalametaParser.objectDef(ScalametaParser.scala:4285)
	at scala.meta.internal.parsers.ScalametaParser.tmplDef(ScalametaParser.scala:4169)
	at scala.meta.internal.parsers.ScalametaParser.topLevelTmplDef(ScalametaParser.scala:4151)
	at scala.meta.internal.parsers.ScalametaParser$$anonfun$topStat$1.applyOrElse(ScalametaParser.scala:4675)
	at scala.meta.internal.parsers.ScalametaParser$$anonfun$topStat$1.applyOrElse(ScalametaParser.scala:4663)
	at scala.runtime.AbstractPartialFunction.apply(AbstractPartialFunction.scala:38)
	at scala.meta.internal.parsers.ScalametaParser.statSeq(ScalametaParser.scala:4653)
	at scala.meta.internal.parsers.ScalametaParser.topStatSeq(ScalametaParser.scala:4662)
	at scala.meta.internal.parsers.ScalametaParser.$anonfun$batchSource$1(ScalametaParser.scala:4876)
	at scala.meta.internal.parsers.ScalametaParser.atPos(ScalametaParser.scala:704)
	at scala.meta.internal.parsers.ScalametaParser.autoPos(ScalametaParser.scala:720)
	at scala.meta.internal.parsers.ScalametaParser.batchSource(ScalametaParser.scala:4842)
	at scala.meta.internal.parsers.ScalametaParser.$anonfun$source$1(ScalametaParser.scala:4825)
	at scala.meta.internal.parsers.ScalametaParser.atPos(ScalametaParser.scala:704)
	at scala.meta.internal.parsers.ScalametaParser.autoPos(ScalametaParser.scala:720)
	at scala.meta.internal.parsers.ScalametaParser.source(ScalametaParser.scala:4824)
	at scala.meta.internal.parsers.ScalametaParser.entrypointSource(ScalametaParser.scala:4830)
	at scala.meta.internal.parsers.ScalametaParser.$anonfun$parseSource$2(ScalametaParser.scala:142)
	at scala.meta.internal.parsers.ScalametaParser.parseRule(ScalametaParser.scala:52)
	at scala.meta.internal.parsers.ScalametaParser.parseSource(ScalametaParser.scala:142)
	at scala.meta.parsers.Parse$.$anonfun$parseSource$1(Parse.scala:29)
	at scala.meta.internal.parsers.ScalametaParser$$anon$259.apply(ScalametaParser.scala:4887)
	at scala.meta.parsers.Api$XtensionParseDialectInput.parse(Api.scala:25)
	at scala.meta.internal.semanticdb.scalac.ParseOps$XtensionCompilationUnitSource.toSource(ParseOps.scala:11)
	at scala.meta.internal.semanticdb.scalac.TextDocumentOps$XtensionCompilationUnitDocument.toTextDocument(TextDocumentOps.scala:196)
	at scala.meta.internal.pc.SemanticdbTextDocumentProvider.textDocument(SemanticdbTextDocumentProvider.scala:34)

Jan 31, 2021 2:24:27 PM scala.meta.internal.pc.CompilerAccess handleError
SEVERE: file%3A%2F%2F%2Fhome%2Fhussam%2FPublic%2FData%2520Science%2Fspark%2FProjects%2FReading_from_files_using_schema%2Fread_data_using_schema.scala:62: error: ) expected but } found
}
^
file%3A%2F%2F%2Fhome%2Fhussam%2FPublic%2FData%2520Science%2Fspark%2FProjects%2FReading_from_files_using_schema%2Fread_data_using_schema.scala:62: error: ) expected but } found
}
^
	at scala.meta.internal.parsers.Reporter.syntaxError(Reporter.scala:16)
	at scala.meta.internal.parsers.Reporter.syntaxError$(Reporter.scala:16)
	at scala.meta.internal.parsers.Reporter$$anon$1.syntaxError(Reporter.scala:22)
	at scala.meta.internal.parsers.Reporter.syntaxError(Reporter.scala:17)
	at scala.meta.internal.parsers.Reporter.syntaxError$(Reporter.scala:17)
	at scala.meta.internal.parsers.Reporter$$anon$1.syntaxError(Reporter.scala:22)
	at scala.meta.internal.parsers.ScalametaParser.syntaxErrorExpected(ScalametaParser.scala:739)
	at scala.meta.internal.parsers.ScalametaParser.accept(ScalametaParser.scala:745)
	at scala.meta.internal.parsers.ScalametaParser.inParens(ScalametaParser.scala:606)
	at scala.meta.internal.parsers.ScalametaParser.argumentExprsWithUsing(ScalametaParser.scala:2851)
	at scala.meta.internal.parsers.ScalametaParser.$anonfun$simpleExprRest$3(ScalametaParser.scala:2800)
	at scala.meta.internal.parsers.ScalametaParser.atPos(ScalametaParser.scala:704)
	at scala.meta.internal.parsers.ScalametaParser.$anonfun$simpleExprRest$1(ScalametaParser.scala:2800)
	at scala.meta.internal.parsers.ScalametaParser.atPos(ScalametaParser.scala:704)
	at scala.meta.internal.parsers.ScalametaParser.simpleExprRest(ScalametaParser.scala:2772)
	at scala.meta.internal.parsers.ScalametaParser.$anonfun$simpleExprRest$1(ScalametaParser.scala:2785)
	at scala.meta.internal.parsers.ScalametaParser.atPos(ScalametaParser.scala:704)
	at scala.meta.internal.parsers.ScalametaParser.simpleExprRest(ScalametaParser.scala:2772)
	at scala.meta.internal.parsers.ScalametaParser.$anonfun$simpleExprRest$1(ScalametaParser.scala:2805)
	at scala.meta.internal.parsers.ScalametaParser.atPos(ScalametaParser.scala:704)
	at scala.meta.internal.parsers.ScalametaParser.simpleExprRest(ScalametaParser.scala:2772)
	at scala.meta.internal.parsers.ScalametaParser.$anonfun$simpleExpr0$5(ScalametaParser.scala:2718)
	at scala.util.Success.$anonfun$map$1(Try.scala:255)
	at scala.util.Success.map(Try.scala:213)
	at scala.meta.internal.parsers.ScalametaParser.$anonfun$simpleExpr0$1(ScalametaParser.scala:2718)
	at scala.meta.internal.parsers.ScalametaParser.atPosTry(ScalametaParser.scala:713)
	at scala.meta.internal.parsers.ScalametaParser.autoPosTry(ScalametaParser.scala:723)
	at scala.meta.internal.parsers.ScalametaParser.simpleExpr0(ScalametaParser.scala:2667)
	at scala.meta.internal.parsers.ScalametaParser.simpleExpr(ScalametaParser.scala:2665)
	at scala.meta.internal.parsers.ScalametaParser.prefixExpr(ScalametaParser.scala:2649)
	at scala.meta.internal.parsers.ScalametaParser.postfixExpr(ScalametaParser.scala:2629)
	at scala.meta.internal.parsers.ScalametaParser.$anonfun$expr$13(ScalametaParser.scala:2214)
	at scala.meta.internal.parsers.ScalametaParser.atPos(ScalametaParser.scala:704)
	at scala.meta.internal.parsers.ScalametaParser.autoPos(ScalametaParser.scala:720)
	at scala.meta.internal.parsers.ScalametaParser.$anonfun$expr$1(ScalametaParser.scala:2214)
	at scala.meta.internal.parsers.ScalametaParser.atPos(ScalametaParser.scala:704)
	at scala.meta.internal.parsers.ScalametaParser.autoPos(ScalametaParser.scala:720)
	at scala.meta.internal.parsers.ScalametaParser.expr(ScalametaParser.scala:2098)
	at scala.meta.internal.parsers.ScalametaParser$$anonfun$templateStat$1$1.applyOrElse(ScalametaParser.scala:4723)
	at scala.meta.internal.parsers.ScalametaParser$$anonfun$templateStat$1$1.applyOrElse(ScalametaParser.scala:4709)
	at scala.runtime.AbstractPartialFunction.apply(AbstractPartialFunction.scala:38)
	at scala.meta.internal.parsers.ScalametaParser.statSeq(ScalametaParser.scala:4653)
	at scala.meta.internal.parsers.ScalametaParser.templateStats(ScalametaParser.scala:4725)
	at scala.meta.internal.parsers.ScalametaParser.templateStatSeq(ScalametaParser.scala:4705)
	at scala.meta.internal.parsers.ScalametaParser.$anonfun$templateBody$1(ScalametaParser.scala:4559)
	at scala.meta.internal.parsers.ScalametaParser.inBraces(ScalametaParser.scala:621)
	at scala.meta.internal.parsers.ScalametaParser.templateBody(ScalametaParser.scala:4559)
	at scala.meta.internal.parsers.ScalametaParser.templateBodyOpt(ScalametaParser.scala:4567)
	at scala.meta.internal.parsers.ScalametaParser.templateOpt(ScalametaParser.scala:4552)
	at scala.meta.internal.parsers.ScalametaParser.$anonfun$objectDef$1(ScalametaParser.scala:4293)
	at scala.meta.internal.parsers.ScalametaParser.atPos(ScalametaParser.scala:704)
	at scala.meta.internal.parsers.ScalametaParser.objectDef(ScalametaParser.scala:4285)
	at scala.meta.internal.parsers.ScalametaParser.tmplDef(ScalametaParser.scala:4169)
	at scala.meta.internal.parsers.ScalametaParser.topLevelTmplDef(ScalametaParser.scala:4151)
	at scala.meta.internal.parsers.ScalametaParser$$anonfun$topStat$1.applyOrElse(ScalametaParser.scala:4675)
	at scala.meta.internal.parsers.ScalametaParser$$anonfun$topStat$1.applyOrElse(ScalametaParser.scala:4663)
	at scala.runtime.AbstractPartialFunction.apply(AbstractPartialFunction.scala:38)
	at scala.meta.internal.parsers.ScalametaParser.statSeq(ScalametaParser.scala:4653)
	at scala.meta.internal.parsers.ScalametaParser.topStatSeq(ScalametaParser.scala:4662)
	at scala.meta.internal.parsers.ScalametaParser.$anonfun$batchSource$1(ScalametaParser.scala:4876)
	at scala.meta.internal.parsers.ScalametaParser.atPos(ScalametaParser.scala:704)
	at scala.meta.internal.parsers.ScalametaParser.autoPos(ScalametaParser.scala:720)
	at scala.meta.internal.parsers.ScalametaParser.batchSource(ScalametaParser.scala:4842)
	at scala.meta.internal.parsers.ScalametaParser.$anonfun$source$1(ScalametaParser.scala:4825)
	at scala.meta.internal.parsers.ScalametaParser.atPos(ScalametaParser.scala:704)
	at scala.meta.internal.parsers.ScalametaParser.autoPos(ScalametaParser.scala:720)
	at scala.meta.internal.parsers.ScalametaParser.source(ScalametaParser.scala:4824)
	at scala.meta.internal.parsers.ScalametaParser.entrypointSource(ScalametaParser.scala:4830)
	at scala.meta.internal.parsers.ScalametaParser.$anonfun$parseSource$2(ScalametaParser.scala:142)
	at scala.meta.internal.parsers.ScalametaParser.parseRule(ScalametaParser.scala:52)
	at scala.meta.internal.parsers.ScalametaParser.parseSource(ScalametaParser.scala:142)
	at scala.meta.parsers.Parse$.$anonfun$parseSource$1(Parse.scala:29)
	at scala.meta.internal.parsers.ScalametaParser$$anon$259.apply(ScalametaParser.scala:4887)
	at scala.meta.parsers.Api$XtensionParseDialectInput.parse(Api.scala:25)
	at scala.meta.internal.semanticdb.scalac.ParseOps$XtensionCompilationUnitSource.toSource(ParseOps.scala:11)
	at scala.meta.internal.semanticdb.scalac.TextDocumentOps$XtensionCompilationUnitDocument.toTextDocument(TextDocumentOps.scala:196)
	at scala.meta.internal.pc.SemanticdbTextDocumentProvider.textDocument(SemanticdbTextDocumentProvider.scala:34)

[0m2021.01.31 14:24:28 WARN  no build target for: /home/hussam/Public/Data Science/spark/Projects/Reading_from_files_using_schema/read_data_using_schema.scala[0m
[0m2021.01.31 14:24:55 WARN  no build target for: /home/hussam/Public/Data Science/spark/Projects/Reading_from_files_using_schema/read_data_using_schema.scala[0m
[0m2021.01.31 14:29:44 WARN  no build target for: /home/hussam/Public/Data Science/spark/Projects/Reading_from_files_using_schema/read_data_using_schema.scala[0m
[0m2021.01.31 14:30:33 WARN  no build target for: /home/hussam/Public/Data Science/spark/Projects/Reading_from_files_using_schema/read_data_using_schema.scala[0m
[0m2021.01.31 14:32:23 WARN  no build target for: /home/hussam/Public/Data Science/spark/Projects/Reading_from_files_using_schema/read_data_using_schema.scala[0m
[0m2021.01.31 14:33:29 WARN  no build target for: /home/hussam/Public/Data Science/spark/Projects/Reading_from_files_using_schema/read_data_using_schema.scala[0m
[0m2021.01.31 14:33:55 WARN  no build target for: /home/hussam/Public/Data Science/spark/Projects/Reading_from_files_using_schema/read_data_using_schema.scala[0m
[0m2021.01.31 14:34:04 WARN  no build target for: /home/hussam/Public/Data Science/spark/Projects/Reading_from_files_using_schema/read_data_using_schema.scala[0m
[0m2021.01.31 14:34:47 WARN  no build target for: /home/hussam/Public/Data Science/spark/Projects/Reading_from_files_using_schema/read_data_using_schema.scala[0m
[0m2021.01.31 14:34:51 WARN  no build target for: /home/hussam/Public/Data Science/spark/Projects/Reading_from_files_using_schema/read_data_using_schema.scala[0m
[0m2021.01.31 14:37:58 WARN  no build target for: /home/hussam/Public/Data Science/spark/Projects/Reading_from_files_using_schema/read_data_using_schema.scala[0m
[0m2021.01.31 14:45:53 INFO  shutting down Metals[0m
[0m2021.02.02 11:58:56 INFO  Started: Metals version 0.9.10 in workspace '/home/hussam/Public/Data Science/spark/Projects/Reading_from_files_using_schema' for client vscode 1.52.1.[0m
[0m2021.02.02 11:58:58 INFO  time: initialize in 2.78s[0m
[0m2021.02.02 11:59:03 WARN  Build server is not auto-connectable.[0m
[0m2021.02.02 11:59:03 WARN  no build tool detected in workspace '/home/hussam/Public/Data Science/spark/Projects/Reading_from_files_using_schema'. The most common cause for this problem is that the editor was opened in the wrong working directory, for example if you use sbt then the workspace directory should contain build.sbt. [0m
[0m2021.02.02 11:59:09 INFO  no build target: using presentation compiler with only scala-library[0m
[0m2021.02.02 11:59:12 WARN  no build target for: /home/hussam/Public/Data Science/spark/Projects/Reading_from_files_using_schema/read_data_using_schema.scala[0m
[0m2021.02.02 12:33:50 WARN  no build target for: /home/hussam/Public/Data Science/spark/Projects/Reading_from_files_using_schema/read_data_using_schema.scala[0m
[0m2021.02.02 12:46:32 WARN  no build target for: /home/hussam/Public/Data Science/spark/Projects/Reading_from_files_using_schema/read_data_using_schema.scala[0m
[0m2021.02.02 12:47:36 WARN  no build target for: /home/hussam/Public/Data Science/spark/Projects/Reading_from_files_using_schema/read_data_using_schema.scala[0m
[0m2021.02.02 13:19:46 WARN  no build target for: /home/hussam/Public/Data Science/spark/Projects/Reading_from_files_using_schema/read_data_using_schema.scala[0m
[0m2021.02.02 13:20:57 WARN  no build target for: /home/hussam/Public/Data Science/spark/Projects/Reading_from_files_using_schema/read_data_using_schema.scala[0m
[0m2021.02.02 13:21:33 WARN  no build target for: /home/hussam/Public/Data Science/spark/Projects/Reading_from_files_using_schema/read_data_using_schema.scala[0m
[0m2021.02.02 13:22:32 WARN  no build target for: /home/hussam/Public/Data Science/spark/Projects/Reading_from_files_using_schema/read_data_using_schema.scala[0m
[0m2021.02.02 13:51:45 WARN  no build target for: /home/hussam/Public/Data Science/spark/Projects/Reading_from_files_using_schema/read_data_using_schema.scala[0m
[0m2021.02.02 13:52:11 WARN  no build target for: /home/hussam/Public/Data Science/spark/Projects/Reading_from_files_using_schema/read_data_using_schema.scala[0m
[0m2021.02.02 14:13:36 WARN  no build target for: /home/hussam/Public/Data Science/spark/Projects/Reading_from_files_using_schema/read_data_using_schema.scala[0m
[0m2021.02.02 14:13:44 WARN  no build target for: /home/hussam/Public/Data Science/spark/Projects/Reading_from_files_using_schema/read_data_using_schema.scala[0m
[0m2021.02.02 22:17:57 INFO  shutting down Metals[0m
[0m2021.02.06 18:08:24 INFO  Started: Metals version 0.9.10 in workspace '/home/hussam/Public/Data Science/spark/Projects/Reading_from_files_using_schema' for client vscode 1.53.0.[0m
[0m2021.02.06 18:08:27 INFO  time: initialize in 2.69s[0m
[0m2021.02.06 18:08:28 WARN  Build server is not auto-connectable.[0m
[0m2021.02.06 18:08:28 WARN  no build tool detected in workspace '/home/hussam/Public/Data Science/spark/Projects/Reading_from_files_using_schema'. The most common cause for this problem is that the editor was opened in the wrong working directory, for example if you use sbt then the workspace directory should contain build.sbt. [0m
[0m2021.02.06 18:08:33 INFO  no build target: using presentation compiler with only scala-library[0m
[0m2021.02.06 18:08:36 WARN  no build target for: /home/hussam/Public/Data Science/spark/Projects/Reading_from_files_using_schema/read_data_using_schema.scala[0m
